time       epoch       loss   val_loss
22:57:25       1   0.556602   0.434837 *
22:58:10       2   0.436777   0.407723 *
22:58:55       3   0.399123   0.383018 *
22:59:40       4   0.378696   0.372303 *
23:00:26       5   0.362704   0.362637 *
23:01:13       6   0.348328   0.335427 *
23:01:58       7   0.336373   0.323263 *
23:02:44       8   0.326779   0.329258
23:03:29       9   0.324926   0.318410 *
23:04:15      10   0.318312   0.317127 *
23:05:00      11   0.313397   0.331441
23:05:46      12   0.310122   0.308907 *
23:06:31      13   0.310864   0.312313
23:07:16      14   0.305071   0.316165
23:08:02      15   0.303434   0.315639
23:08:47      16   0.301488   0.306336 *
23:09:33      17   0.298111   0.311084
23:10:18      18   0.298640   0.307997
23:11:04      19   0.297631   0.310886
23:11:50      20   0.296095   0.298617 *
23:12:35      21   0.295304   0.314161
23:13:21      22   0.292800   0.320650
23:14:06      23   0.290859   0.293441 *
23:14:51      24   0.290826   0.298918
23:15:37      25   0.285734   0.296809
23:16:23      26   0.288646   0.309627
23:17:08      27   0.285953   0.301271
23:17:53      28   0.282757   0.303363
23:18:39      29   0.282367   0.293979
23:19:26      30   0.281645   0.290092 *
23:20:12      31   0.282644   0.293951
23:20:57      32   0.281845   0.288357 *
23:21:43      33   0.278535   0.290437
23:22:27      34   0.279413   0.306832
23:23:13      35   0.277469   0.284943 *
23:23:59      36   0.274323   0.282429 *
23:24:43      37   0.272767   0.289919
23:25:29      38   0.273487   0.287884
23:26:14      39   0.273668   0.281419 *
23:27:00      40   0.271065   0.295549
23:27:46      41   0.270025   0.286947
23:28:32      42   0.268946   0.274091 *
23:29:18      43   0.267750   0.291371
23:30:03      44   0.266079   0.285351
23:30:49      45   0.266606   0.289573
23:31:36      46   0.267867   0.279583
23:32:22      47   0.266910   0.277823
23:33:08      48   0.264800   0.272541 *
23:33:54      49   0.262484   0.286193
23:34:39      50   0.262794   0.278555
23:35:25      51   0.261005   0.275733
23:36:12      52   0.260282   0.269546 *
23:36:58      53   0.258745   0.281445
23:37:44      54   0.260868   0.267655 *
23:38:29      55   0.259387   0.284015
23:39:14      56   0.258174   0.288578
23:40:00      57   0.257424   0.281437
23:40:46      58   0.253468   0.272817
23:41:31      59   0.252250   0.282603
23:42:16      60   0.253779   0.288903
23:43:01      61   0.252782   0.275682
23:43:48      62   0.253476   0.266571 *
23:44:33      63   0.249708   0.277919
23:45:18      64   0.249512   0.280487
23:46:04      65   0.249472   0.275651
23:46:49      66   0.247629   0.266856
23:47:35      67   0.248216   0.264507 *
23:48:20      68   0.250997   0.273840
23:49:06      69   0.247813   0.270090
23:49:50      70   0.245978   0.268628
23:50:36      71   0.244128   0.277029
23:51:22      72   0.244727   0.262817 *
23:52:06      73   0.245998   0.268960
23:52:52      74   0.242405   0.271558
23:53:38      75   0.241492   0.263685
23:54:23      76   0.244131   0.266763
23:55:09      77   0.243392   0.264322
23:55:54      78   0.243509   0.263216
23:56:41      79   0.241300   0.273809
23:57:26      80   0.240056   0.265698
23:58:12      81   0.238730   0.273434
23:58:57      82   0.241029   0.256577 *
23:59:43      83   0.239264   0.255830 *
00:00:29      84   0.238005   0.262638
00:01:15      85   0.235951   0.265348
00:02:00      86   0.239474   0.264812
00:02:45      87   0.234883   0.272338
00:03:30      88   0.236490   0.264140
00:04:16      89   0.235062   0.266317
00:05:01      90   0.234294   0.258062
00:05:46      91   0.234163   0.265499
00:06:32      92   0.237241   0.270508
00:07:17      93   0.235028   0.257696
00:08:02      94   0.233042   0.265892
00:08:47      95   0.231964   0.269670
00:09:32      96   0.232192   0.260125
00:10:17      97   0.230067   0.252405 *
00:11:02      98   0.231086   0.261934
00:11:48      99   0.228728   0.265116
00:12:34     100   0.230965   0.265107
00:13:20     101   0.228928   0.259322
00:14:06     102   0.225615   0.269099
00:14:50     103   0.227545   0.257110
00:15:35     104   0.227526   0.258678
00:16:20     105   0.228762   0.256005
00:17:06     106   0.226643   0.259395
00:17:52     107   0.224921   0.255940
00:18:37     108   0.227059   0.254883
00:19:22     109   0.225977   0.253388
00:20:08     110   0.224005   0.258230
00:20:53     111   0.224717   0.256364
00:21:39     112   0.223395   0.257746
00:22:24     113   0.224572   0.250373 *
00:23:09     114   0.223891   0.252852
00:23:54     115   0.222204   0.261399
00:24:39     116   0.223492   0.246777 *
00:25:25     117   0.223331   0.252652
00:26:11     118   0.220788   0.253153
00:26:56     119   0.221358   0.252728
00:27:41     120   0.219407   0.256274
00:28:27     121   0.220647   0.243184 *
00:29:12     122   0.219438   0.240570 *
00:29:58     123   0.217008   0.254554
00:30:44     124   0.218349   0.252923
00:31:29     125   0.216981   0.242836
00:32:15     126   0.218162   0.251986
00:33:00     127   0.216135   0.250906
00:33:45     128   0.216281   0.256285
00:34:30     129   0.215106   0.251413
00:35:16     130   0.215452   0.250512
00:36:02     131   0.218544   0.250732
00:36:47     132   0.212332   0.252655
00:37:33     133   0.215343   0.249120
00:38:18     134   0.213363   0.244003
00:39:03     135   0.212109   0.252963
00:39:49     136   0.214734   0.248348
00:40:35     137   0.213635   0.252469
00:41:20     138   0.211139   0.242521
00:42:06     139   0.212589   0.252489
00:42:51     140   0.211354   0.240381 *
00:43:37     141   0.210603   0.242689
00:44:23     142   0.212012   0.241625
00:45:10     143   0.210516   0.251403
00:45:55     144   0.208806   0.246987
00:46:40     145   0.211168   0.250216
00:47:26     146   0.208329   0.234546 *
00:48:12     147   0.207630   0.243298
00:48:59     148   0.208371   0.232586 *
00:49:44     149   0.206503   0.249142
00:50:29     150   0.207649   0.248009
00:51:14     151   0.206363   0.250990
00:51:59     152   0.206443   0.242190
00:52:44     153   0.205193   0.242981
00:53:30     154   0.205492   0.247543
00:54:15     155   0.203985   0.249539
00:55:00     156   0.206567   0.247893
00:55:46     157   0.206915   0.251317
00:56:31     158   0.203274   0.247192
00:57:16     159   0.206024   0.239447
00:58:01     160   0.207664   0.247541
00:58:46     161   0.203199   0.240237
00:59:31     162   0.202986   0.244838
01:00:17     163   0.206561   0.240532
01:01:02     164   0.204732   0.244357
01:01:47     165   0.207552   0.247848
01:02:32     166   0.203513   0.239434
01:03:17     167   0.203297   0.237896
01:04:02     168   0.201711   0.244319
01:04:48     169   0.205125   0.245963
01:05:34     170   0.199182   0.238567
01:06:19     171   0.197688   0.244232
01:07:04     172   0.206338   0.236082
01:07:48     173   0.200801   0.247004
01:08:34     174   0.201486   0.251423
01:09:19     175   0.199097   0.244425
01:10:05     176   0.199373   0.238555
01:10:51     177   0.200641   0.240903
01:11:35     178   0.201068   0.248946
01:12:20     179   0.198584   0.238035
01:13:06     180   0.199332   0.232581 *
01:13:49     181   0.196315   0.238274
01:14:34     182   0.199188   0.238182
01:15:19     183   0.198900   0.244644
01:16:04     184   0.198325   0.252129
01:16:49     185   0.199587   0.235679
01:17:33     186   0.197940   0.240717
01:18:19     187   0.196553   0.246115
01:19:04     188   0.197527   0.243805
01:19:49     189   0.195157   0.241985
01:20:34     190   0.195860   0.247425
01:21:19     191   0.196622   0.243233
01:22:04     192   0.195451   0.249366
01:22:49     193   0.194839   0.235916
01:23:34     194   0.195227   0.232038 *
01:24:20     195   0.196778   0.225911 *
01:25:06     196   0.195855   0.238836
01:25:51     197   0.194042   0.231116
01:26:37     198   0.191825   0.240087
01:27:22     199   0.192545   0.238316
01:28:07     200   0.192603   0.232099
01:28:53     201   0.195149   0.236695
01:29:37     202   0.192629   0.242046
01:30:23     203   0.192000   0.238664
01:31:07     204   0.191145   0.237167
01:31:53     205   0.190581   0.244352
01:32:38     206   0.192447   0.241278
01:33:23     207   0.190940   0.226933
01:34:08     208   0.191776   0.239979
01:34:54     209   0.191483   0.239418
01:35:39     210   0.190286   0.232182
01:36:24     211   0.191479   0.249983
01:37:09     212   0.188764   0.229797
01:37:54     213   0.188073   0.231073
01:38:39     214   0.187355   0.230878
01:39:24     215   0.187316   0.239763
01:40:09     216   0.186754   0.236342
01:40:55     217   0.191752   0.240304
01:41:40     218   0.189552   0.244154
01:42:25     219   0.186608   0.239401
01:43:11     220   0.190344   0.244502
01:43:56     221   0.190169   0.229747
01:44:41     222   0.185693   0.238422
01:45:26     223   0.185933   0.226215
01:46:12     224   0.187382   0.230651
01:46:58     225   0.186355   0.259280
01:47:43     226   0.186306   0.226574
01:48:27     227   0.185613   0.230259
01:49:12     228   0.185461   0.231782
01:49:57     229   0.182860   0.223978 *
01:50:43     230   0.183576   0.228391
01:51:28     231   0.187122   0.232692
01:52:14     232   0.183966   0.237730
01:52:59     233   0.183637   0.234133
01:53:44     234   0.184052   0.224433
01:54:30     235   0.184972   0.236919
01:55:15     236   0.182595   0.236489
01:56:00     237   0.182277   0.222750 *
01:56:45     238   0.182854   0.239698
01:57:31     239   0.181483   0.228316
01:58:17     240   0.182571   0.239803
01:59:04     241   0.181779   0.226881
01:59:49     242   0.181952   0.236947
02:00:34     243   0.180721   0.236867
02:01:20     244   0.181932   0.225494
02:02:06     245   0.180479   0.233199
02:02:51     246   0.182812   0.238697
02:03:36     247   0.179723   0.223701
02:04:20     248   0.181281   0.235843
02:05:05     249   0.182424   0.234959
02:05:50     250   0.178872   0.229600
02:06:36     251   0.179702   0.236310
02:07:21     252   0.179760   0.244461
02:08:06     253   0.178919   0.236057
02:08:51     254   0.182388   0.235623
02:09:36     255   0.177091   0.228343
02:10:21     256   0.178016   0.228779
02:11:06     257   0.179557   0.240906
02:11:52     258   0.179920   0.237535
02:12:37     259   0.177560   0.227899
02:13:22     260   0.176243   0.233020
02:14:07     261   0.178242   0.231107
02:14:52     262   0.176928   0.237438
02:15:38     263   0.177983   0.238940
02:16:23     264   0.176510   0.236913
02:17:08     265   0.174849   0.243652
02:17:53     266   0.178805   0.229987
02:18:37     267   0.175377   0.225239
02:19:22     268   0.177612   0.236744
02:20:07     269   0.176531   0.224358
02:20:52     270   0.176470   0.234728
02:21:37     271   0.174266   0.229941
02:22:23     272   0.174754   0.234767
02:23:08     273   0.174795   0.231132
02:23:53     274   0.175677   0.235424
02:24:38     275   0.173669   0.242572
02:25:24     276   0.174930   0.235469
02:26:09     277   0.171613   0.231438
02:26:54     278   0.175860   0.244657
02:27:38     279   0.174691   0.226800
02:28:23     280   0.172450   0.228282
02:29:09     281   0.170998   0.243404
02:29:55     282   0.172543   0.233698
02:30:40     283   0.173434   0.238289
02:31:25     284   0.173948   0.226608
02:32:10     285   0.171310   0.230594
02:32:56     286   0.171584   0.229188
02:33:41     287   0.171167   0.237785
02:34:27     288   0.173385   0.230897
02:35:12     289   0.170689   0.229204
02:35:57     290   0.172670   0.234025
02:36:42     291   0.172919   0.230254
02:37:27     292   0.172042   0.230191
02:38:11     293   0.171212   0.232773
02:38:57     294   0.167452   0.232263
02:39:41     295   0.171248   0.237626
02:40:27     296   0.168665   0.231183
02:41:12     297   0.169280   0.226555
02:41:58     298   0.172696   0.233579
02:42:44     299   0.170181   0.235277
02:43:29     300   0.171393   0.224711
02:44:15     301   0.168070   0.237140
02:45:00     302   0.168397   0.237229
02:45:45     303   0.169499   0.226564
02:46:31     304   0.168640   0.225343
02:47:17     305   0.169296   0.228677
02:48:01     306   0.166931   0.228372
02:48:48     307   0.168097   0.225314
02:49:32     308   0.167672   0.236779
02:50:18     309   0.168038   0.248358
02:51:03     310   0.169512   0.224247
02:51:49     311   0.167195   0.232511
02:52:35     312   0.167314   0.225655
02:53:21     313   0.168911   0.220489 *
02:54:06     314   0.167357   0.230925
02:54:52     315   0.169500   0.231076
02:55:38     316   0.166412   0.230963
02:56:24     317   0.166473   0.231199
02:57:09     318   0.167653   0.226353
02:57:56     319   0.167122   0.238186
02:58:42     320   0.164375   0.226485
02:59:27     321   0.164710   0.233489
03:00:13     322   0.165579   0.229170
03:00:58     323   0.163327   0.223708
03:01:43     324   0.164280   0.235028
03:02:29     325   0.167153   0.229644
03:03:15     326   0.165670   0.237534
03:04:01     327   0.164340   0.229046
03:04:46     328   0.164142   0.238266
03:05:31     329   0.164239   0.217816 *
03:06:17     330   0.162198   0.218545
03:07:02     331   0.163959   0.225501
03:07:47     332   0.162543   0.232109
03:08:33     333   0.166360   0.224187
03:09:19     334   0.164566   0.231093
03:10:05     335   0.162142   0.241273
03:10:51     336   0.163491   0.235885
03:11:36     337   0.163920   0.226699
03:12:22     338   0.163014   0.227846
03:13:07     339   0.168121   0.242038
03:13:52     340   0.161479   0.232264
03:14:37     341   0.159825   0.224551
03:15:22     342   0.160790   0.224628
03:16:08     343   0.161257   0.231989
03:16:53     344   0.163103   0.234016
03:17:38     345   0.160096   0.239791
03:18:24     346   0.163270   0.230206
03:19:10     347   0.164475   0.230155
03:19:56     348   0.163099   0.225997
03:20:42     349   0.160386   0.232903
03:21:27     350   0.161950   0.238160
03:22:12     351   0.163405   0.224167
03:22:58     352   0.158045   0.241973
03:23:44     353   0.158149   0.225118
03:24:29     354   0.161656   0.236541
03:25:15     355   0.163191   0.227593
03:26:01     356   0.161532   0.226845
03:26:46     357   0.160174   0.235174
03:27:32     358   0.158308   0.226804
03:28:18     359   0.160428   0.237268
03:29:04     360   0.159307   0.225747
03:29:50     361   0.156951   0.225846
03:30:35     362   0.158286   0.223928
03:31:20     363   0.158872   0.226614
03:32:05     364   0.158657   0.234583
03:32:51     365   0.158006   0.227253
03:33:36     366   0.156012   0.222378
03:34:22     367   0.157655   0.239491
03:35:08     368   0.156396   0.237712
03:35:54     369   0.156428   0.236925
03:36:40     370   0.156715   0.236159
03:37:26     371   0.157372   0.226757
03:38:11     372   0.158118   0.217910
03:38:57     373   0.154271   0.234406
03:39:42     374   0.157494   0.218251
03:40:27     375   0.155975   0.222927
03:41:13     376   0.156607   0.229807
03:42:25     377   0.156992   0.236867
03:43:11     378   0.154691   0.225519
03:43:56     379   0.158681   0.224558
03:44:41     380   0.155460   0.235354
03:45:27     381   0.156537   0.231702
03:46:12     382   0.157083   0.256960
03:46:58     383   0.158466   0.222371
03:47:43     384   0.155811   0.229464
03:48:29     385   0.155591   0.226762
03:49:14     386   0.155670   0.243548
03:50:00     387   0.158253   0.216257 *
03:50:46     388   0.156278   0.238403
03:51:31     389   0.157974   0.228747
03:52:16     390   0.152746   0.232209
03:53:02     391   0.156817   0.221410
03:53:47     392   0.156399   0.213752 *
03:54:33     393   0.155355   0.238289
03:55:18     394   0.153870   0.233030
03:56:02     395   0.153734   0.234057
03:56:47     396   0.153831   0.227216
03:57:33     397   0.152270   0.233641
03:58:18     398   0.153618   0.233029
03:59:04     399   0.154604   0.229888
03:59:49     400   0.152225   0.236526
04:00:33     401   0.153856   0.224307
04:01:19     402   0.154677   0.222829
04:02:04     403   0.151231   0.232425
04:02:50     404   0.154239   0.229123
04:03:35     405   0.152687   0.244459
04:04:21     406   0.151856   0.234568
04:05:06     407   0.152053   0.225767
04:05:51     408   0.153071   0.223110
04:06:36     409   0.150969   0.239254
04:07:20     410   0.152211   0.231373
04:08:06     411   0.151247   0.236005
04:08:52     412   0.150709   0.228180
04:09:38     413   0.153362   0.238963
04:10:24     414   0.152310   0.229314
04:11:10     415   0.153203   0.232997
04:11:56     416   0.150705   0.221806
04:12:42     417   0.152239   0.222641
04:13:27     418   0.148389   0.228549
04:14:12     419   0.151179   0.230921
04:14:57     420   0.150324   0.222904
04:15:42     421   0.150299   0.219228
04:16:28     422   0.150153   0.231038
04:17:13     423   0.151530   0.232380
04:17:59     424   0.147802   0.235383
04:18:45     425   0.151635   0.227014
04:19:30     426   0.151199   0.230084
04:20:15     427   0.151686   0.229641
04:21:00     428   0.148026   0.228835
04:21:45     429   0.149228   0.237487
04:22:31     430   0.149766   0.227602
04:23:16     431   0.149697   0.243189
04:24:01     432   0.147577   0.219563
04:24:47     433   0.148815   0.233763
04:25:32     434   0.148443   0.219398
04:26:17     435   0.150858   0.229241
04:27:03     436   0.147929   0.227421
04:27:48     437   0.150202   0.229821
04:28:33     438   0.149159   0.232338
04:29:18     439   0.148934   0.221194
04:30:03     440   0.151734   0.227477
04:30:48     441   0.148388   0.235377
04:31:34     442   0.148988   0.232966
04:32:19     443   0.150721   0.232282
04:33:05     444   0.146742   0.237519
04:33:50     445   0.149121   0.243184
04:34:35     446   0.148183   0.228564
04:35:18     447   0.147690   0.228275
04:36:03     448   0.150331   0.232313
04:36:48     449   0.147504   0.223270
04:37:33     450   0.148895   0.227791
04:38:18     451   0.147353   0.226835
04:39:03     452   0.147273   0.223898
04:39:49     453   0.147390   0.224364
04:40:34     454   0.147051   0.227369
04:41:19     455   0.146981   0.232099
04:42:05     456   0.145829   0.217223
04:42:50     457   0.145200   0.238000
04:43:35     458   0.144721   0.220931
04:44:20     459   0.146429   0.236595
04:45:05     460   0.145835   0.220738
04:45:51     461   0.147159   0.232292
04:46:36     462   0.145598   0.217130
04:47:21     463   0.149067   0.231060
04:48:06     464   0.144423   0.224561
04:48:52     465   0.146771   0.232630
04:49:37     466   0.143763   0.216575
04:50:22     467   0.145539   0.224976
04:51:07     468   0.142253   0.227790
04:51:53     469   0.144389   0.229852
04:52:38     470   0.144185   0.226925
04:53:24     471   0.144596   0.225617
04:54:09     472   0.145270   0.227259
04:54:55     473   0.141142   0.227394
04:55:40     474   0.141495   0.228185
04:56:25     475   0.143495   0.229550
04:57:11     476   0.143086   0.227134
04:57:56     477   0.144622   0.221812
04:58:42     478   0.143611   0.235905
04:59:28     479   0.142538   0.228424
05:00:13     480   0.141903   0.226061
05:00:58     481   0.141971   0.239553
05:01:44     482   0.144205   0.246434
05:02:29     483   0.142006   0.235746
05:03:15     484   0.144941   0.249509
05:04:00     485   0.143437   0.220559
05:04:45     486   0.145443   0.219740
05:05:30     487   0.142888   0.226307
05:06:15     488   0.143191   0.225544
05:07:00     489   0.141778   0.221032
05:07:45     490   0.142886   0.226045
05:08:30     491   0.141960   0.221140
05:09:16     492   0.143028   0.217708
05:10:01     493   0.139534   0.219659
05:10:46     494   0.141296   0.236700
05:11:32     495   0.141713   0.224970
05:12:18     496   0.141619   0.222762
05:13:04     497   0.137838   0.224565
05:13:50     498   0.139943   0.238167
05:14:36     499   0.141788   0.220154
05:15:21     500   0.141399   0.225274
05:16:07     501   0.142044   0.220563
05:16:52     502   0.140971   0.229406
05:17:38     503   0.145182   0.225054
05:18:23     504   0.139419   0.224494
05:19:09     505   0.140817   0.223816
05:19:54     506   0.142258   0.226791
05:20:40     507   0.139029   0.224769
05:21:25     508   0.141645   0.221827
05:22:10     509   0.140505   0.237096
05:22:56     510   0.138822   0.214892
05:23:41     511   0.138730   0.231686
05:24:26     512   0.137879   0.221208
05:25:12     513   0.138217   0.221208
05:25:57     514   0.138141   0.225842
05:26:42     515   0.143991   0.226099
05:27:28     516   0.137697   0.221535
05:28:13     517   0.137000   0.210659 *
05:28:59     518   0.136049   0.237430
05:29:43     519   0.138749   0.216879
05:30:28     520   0.137021   0.225251
05:31:13     521   0.138275   0.226557
05:31:58     522   0.137447   0.233048
05:32:42     523   0.138462   0.220233
05:33:28     524   0.139009   0.230627
05:34:12     525   0.139159   0.216815
05:34:57     526   0.138014   0.215594
05:35:42     527   0.138978   0.229619
05:36:28     528   0.139100   0.244659
05:37:13     529   0.138534   0.222733
05:37:58     530   0.138631   0.230119
05:38:43     531   0.138353   0.222246
05:39:29     532   0.136849   0.234630
05:40:14     533   0.135981   0.229563
05:40:59     534   0.139302   0.225914
05:41:44     535   0.136530   0.226511
05:42:30     536   0.135250   0.234962
05:43:16     537   0.135799   0.235817
05:44:02     538   0.135386   0.223302
05:44:48     539   0.135683   0.225147
05:45:33     540   0.136301   0.233948
05:46:19     541   0.136146   0.232782
05:47:03     542   0.136985   0.220873
05:47:48     543   0.136679   0.228086
05:48:33     544   0.136852   0.219461
05:49:19     545   0.138040   0.232877
05:50:04     546   0.137943   0.230177
05:50:50     547   0.134523   0.223300
05:51:36     548   0.136685   0.241075
05:52:21     549   0.133714   0.220762
05:53:06     550   0.134778   0.219527
05:53:51     551   0.133457   0.234707
05:54:36     552   0.134038   0.219430
05:55:21     553   0.134068   0.228111
05:56:07     554   0.135526   0.221746
05:56:52     555   0.134909   0.228219
05:57:37     556   0.133512   0.223604
05:58:22     557   0.137343   0.215584
05:59:07     558   0.134249   0.234485
05:59:52     559   0.134278   0.226072
06:00:37     560   0.136582   0.219731
06:01:23     561   0.135373   0.235605
06:02:08     562   0.132349   0.219605
06:02:54     563   0.136418   0.227301
06:03:39     564   0.132479   0.211646
06:04:24     565   0.131756   0.229330
06:05:09     566   0.132793   0.229631
06:05:54     567   0.131687   0.221088
06:06:40     568   0.131703   0.227830
06:07:25     569   0.132636   0.222018
06:08:10     570   0.138557   0.223484
06:08:54     571   0.134487   0.228700
06:09:39     572   0.131433   0.217809
06:10:25     573   0.133213   0.236754
06:11:10     574   0.134297   0.224545
06:11:55     575   0.132686   0.223083
06:12:40     576   0.130122   0.222675
06:13:25     577   0.132914   0.233463
06:14:11     578   0.131551   0.219649
06:14:56     579   0.130709   0.230399
06:15:40     580   0.130880   0.215343
06:16:25     581   0.133610   0.229416
06:17:11     582   0.134163   0.210027 *
06:17:56     583   0.130467   0.224238
06:18:41     584   0.134512   0.230516
06:19:26     585   0.131999   0.214225
06:20:12     586   0.131931   0.234727
06:20:57     587   0.131403   0.238243
06:21:43     588   0.131106   0.225301
06:22:28     589   0.131361   0.223893
06:23:13     590   0.131490   0.228880
06:23:58     591   0.132791   0.217709
06:24:44     592   0.128805   0.227029
06:25:29     593   0.131791   0.226473
06:26:14     594   0.131157   0.227182
06:26:59     595   0.131941   0.217960
06:27:44     596   0.135180   0.221591
06:28:30     597   0.131176   0.218945
06:29:16     598   0.131102   0.215687
06:30:01     599   0.128792   0.219951
06:30:46     600   0.132667   0.248654
06:31:31     601   0.131998   0.240954
06:32:16     602   0.129306   0.235470
06:33:01     603   0.130401   0.223115
06:33:46     604   0.130643   0.235316
06:34:31     605   0.125968   0.242825
06:35:17     606   0.131227   0.216516
06:36:01     607   0.130262   0.222667
06:36:45     608   0.129523   0.215506
06:37:30     609   0.129836   0.221280
06:38:16     610   0.129539   0.216127
06:39:01     611   0.129783   0.237178
06:39:46     612   0.130270   0.235664
06:40:31     613   0.130468   0.229965
06:41:17     614   0.127742   0.241213
06:42:02     615   0.125896   0.224418
06:42:47     616   0.128278   0.219345
06:43:32     617   0.128274   0.224955
06:44:17     618   0.128234   0.232357
06:45:02     619   0.130975   0.222862
06:45:47     620   0.128193   0.237672
06:46:33     621   0.130625   0.218656
06:47:19     622   0.127447   0.226497
06:48:03     623   0.126728   0.228352
06:48:49     624   0.127385   0.222260
06:49:34     625   0.129731   0.241619
06:50:19     626   0.126633   0.229988
06:51:04     627   0.127219   0.227001
06:51:49     628   0.128537   0.230364
06:52:34     629   0.127870   0.233827
06:53:19     630   0.128854   0.220711
06:54:04     631   0.130317   0.233366
06:54:49     632   0.126579   0.216245
06:55:35     633   0.125458   0.239059
06:56:21     634   0.127237   0.233025
06:57:06     635   0.127284   0.225953
06:57:51     636   0.125482   0.228324
06:58:36     637   0.127559   0.231493
06:59:21     638   0.124933   0.231194
07:00:06     639   0.127298   0.236028
07:00:51     640   0.127958   0.239320
07:01:36     641   0.125883   0.219870
07:02:20     642   0.126072   0.245461
07:03:04     643   0.127790   0.222939
07:03:50     644   0.126420   0.233355
07:04:35     645   0.127596   0.230759
07:05:21     646   0.125639   0.232480
07:06:06     647   0.126627   0.231035
07:06:51     648   0.126400   0.228569
07:07:36     649   0.124849   0.236607
07:08:21     650   0.125917   0.230144
07:09:05     651   0.123284   0.236492
07:09:51     652   0.124618   0.223947
07:10:36     653   0.123114   0.235689
07:11:22     654   0.123395   0.233455
07:12:07     655   0.123551   0.222373
07:12:53     656   0.122454   0.233516
07:13:38     657   0.123543   0.228373
07:14:24     658   0.125373   0.234566
07:15:09     659   0.124944   0.231211
07:15:54     660   0.125724   0.224818
07:16:41     661   0.122429   0.229128
07:17:26     662   0.125183   0.225550
07:18:12     663   0.124081   0.219235
07:18:57     664   0.126487   0.234116
07:19:42     665   0.126701   0.213301
07:20:27     666   0.120913   0.237698
07:21:12     667   0.125100   0.222794
07:21:58     668   0.123109   0.242273
07:22:41     669   0.124615   0.228503
07:23:26     670   0.126103   0.227901
07:24:12     671   0.123640   0.227731
07:24:56     672   0.123035   0.239164
07:25:42     673   0.124978   0.247638
07:26:26     674   0.122676   0.226392
07:27:12     675   0.122461   0.234972
07:27:57     676   0.121487   0.232150
07:28:43     677   0.127281   0.209923 *
07:29:29     678   0.123662   0.229035
07:30:15     679   0.120906   0.214670
07:30:59     680   0.123868   0.233869
07:31:45     681   0.124362   0.222497
07:32:31     682   0.120449   0.229017
07:33:15     683   0.121118   0.226457
07:34:01     684   0.123675   0.219152
07:34:47     685   0.122727   0.230827
07:35:32     686   0.121976   0.230701
07:36:18     687   0.121840   0.233153
07:37:03     688   0.121152   0.217971
07:37:48     689   0.123578   0.241356
07:38:33     690   0.121102   0.225812
07:39:19     691   0.121811   0.229272
07:40:04     692   0.120814   0.236199
07:40:50     693   0.121595   0.237408
07:41:36     694   0.121815   0.237543
07:42:22     695   0.121819   0.227296
07:43:08     696   0.123958   0.224290
07:43:53     697   0.121197   0.224024
07:44:39     698   0.120385   0.232178
07:45:25     699   0.121860   0.214974
07:46:10     700   0.122083   0.239463
07:46:55     701   0.118780   0.240060
07:47:40     702   0.122495   0.244724
07:48:27     703   0.119363   0.232008
07:49:12     704   0.118834   0.233721
07:49:57     705   0.122660   0.225229
07:50:42     706   0.121166   0.225321
07:51:27     707   0.119808   0.230329
07:52:13     708   0.117393   0.239921
07:52:59     709   0.118627   0.229549
07:53:44     710   0.118418   0.232941
07:54:29     711   0.118968   0.243926
07:55:15     712   0.120448   0.236052
07:56:00     713   0.119144   0.231359
07:56:46     714   0.118794   0.236093
07:57:31     715   0.119636   0.228717
07:58:17     716   0.120581   0.237771
07:59:02     717   0.117170   0.218888
07:59:47     718   0.120525   0.215472
08:00:32     719   0.117648   0.231759
08:01:17     720   0.117778   0.227884
08:02:02     721   0.117865   0.233995
08:02:48     722   0.119318   0.231271
08:03:33     723   0.116127   0.218409
08:04:19     724   0.119109   0.230456
08:05:02     725   0.119325   0.226492
08:05:48     726   0.116697   0.245030
08:06:33     727   0.120685   0.222049
08:07:18     728   0.117614   0.234567
08:08:04     729   0.116290   0.229268
08:08:50     730   0.119170   0.231547
08:09:35     731   0.117678   0.221449
08:10:21     732   0.122282   0.213554
08:11:06     733   0.119500   0.231272
08:11:51     734   0.116088   0.236733
08:12:36     735   0.115843   0.227045
08:13:22     736   0.120116   0.226191
08:14:08     737   0.116900   0.235023
08:14:53     738   0.121284   0.226678
08:15:38     739   0.117210   0.237788
08:16:23     740   0.117797   0.218017
08:17:08     741   0.119526   0.224873
08:17:54     742   0.113928   0.239927
08:18:39     743   0.118017   0.232882
08:19:25     744   0.116093   0.233073
08:20:11     745   0.115969   0.233754
08:20:57     746   0.117845   0.226464
08:21:42     747   0.115889   0.235515
08:22:28     748   0.116894   0.220173
08:23:14     749   0.116974   0.233960
08:23:59     750   0.117572   0.236069
08:24:46     751   0.117881   0.222259
08:25:32     752   0.117860   0.222841
08:26:17     753   0.115846   0.226040
08:27:03     754   0.117060   0.231473
08:27:48     755   0.116210   0.242727
08:28:34     756   0.114033   0.238669
08:29:20     757   0.117548   0.214915
08:30:05     758   0.112650   0.245452
08:30:51     759   0.114692   0.231353
08:31:36     760   0.115402   0.230966
08:32:22     761   0.113887   0.237035
08:33:08     762   0.114158   0.224319
08:33:53     763   0.114947   0.229454
08:34:39     764   0.115150   0.229606
08:35:24     765   0.114063   0.221115
08:36:09     766   0.114487   0.236467
08:36:54     767   0.115498   0.230926
08:37:40     768   0.117351   0.242331
08:38:25     769   0.114370   0.230615
08:39:11     770   0.114991   0.234016
08:39:56     771   0.111359   0.236399
08:40:41     772   0.115963   0.238014
08:41:26     773   0.115804   0.237787
08:42:11     774   0.115906   0.230529
08:42:56     775   0.114355   0.236001
08:43:41     776   0.113336   0.238343
08:44:27     777   0.113745   0.246094
08:45:13     778   0.114589   0.228866
08:45:58     779   0.117943   0.220539
08:46:44     780   0.112934   0.228419
08:47:29     781   0.112079   0.230772
08:48:14     782   0.112846   0.236227
08:48:59     783   0.115423   0.237650
08:49:45     784   0.116125   0.236046
08:50:31     785   0.115912   0.235293
08:51:18     786   0.112372   0.238735
08:52:03     787   0.112679   0.262327
08:52:48     788   0.114971   0.219562
08:53:34     789   0.112948   0.245553
08:54:19     790   0.114225   0.243713
08:55:04     791   0.113311   0.229865
08:55:49     792   0.112933   0.242328
08:56:32     793   0.110858   0.229166
08:57:18     794   0.111410   0.232274
08:58:03     795   0.112764   0.236752
08:58:48     796   0.112980   0.229290
08:59:33     797   0.113302   0.236699
09:00:18     798   0.113910   0.218249
09:01:03     799   0.115440   0.228601
09:01:49     800   0.111089   0.243009
09:02:33     801   0.112329   0.238477
09:03:19     802   0.111860   0.225335
09:04:03     803   0.115136   0.234411
09:04:48     804   0.112375   0.240472
09:05:33     805   0.110877   0.234629
09:06:18     806   0.112664   0.247201
09:07:04     807   0.112684   0.229394
09:07:49     808   0.112599   0.240437
09:08:35     809   0.112614   0.240993
09:09:20     810   0.111974   0.242051
09:10:05     811   0.114201   0.237064
09:10:50     812   0.110382   0.237860
09:11:35     813   0.108615   0.229477
09:12:21     814   0.112494   0.238471
09:13:06     815   0.110012   0.244596
09:13:52     816   0.112943   0.224577
09:14:38     817   0.110304   0.230341
09:15:23     818   0.112881   0.228777
09:16:09     819   0.112036   0.231239
09:16:53     820   0.112579   0.230947
09:17:39     821   0.111141   0.237552
09:18:24     822   0.109599   0.231236
09:19:10     823   0.112168   0.239342
09:19:55     824   0.109416   0.237374
09:20:41     825   0.112580   0.238132
09:21:27     826   0.113679   0.241082
09:22:11     827   0.110906   0.255534
09:22:57     828   0.109931   0.227243
09:23:42     829   0.112944   0.235184
09:24:28     830   0.109020   0.220355
09:25:13     831   0.111592   0.266589
09:25:58     832   0.112575   0.224716
09:26:44     833   0.109123   0.222947
09:27:29     834   0.109184   0.229910
09:28:14     835   0.110342   0.222403
09:29:00     836   0.110004   0.234146
09:29:45     837   0.109833   0.233161
09:30:29     838   0.107955   0.240274
09:31:14     839   0.112377   0.239227
09:32:00     840   0.109570   0.240115
09:32:44     841   0.109204   0.226457
09:33:30     842   0.109625   0.233124
09:34:15     843   0.108264   0.241166
09:34:59     844   0.108523   0.231831
09:35:45     845   0.109724   0.234411
09:36:30     846   0.109979   0.234648
09:37:16     847   0.109810   0.236685
09:38:02     848   0.107827   0.223815
09:38:46     849   0.107475   0.240093
09:39:31     850   0.108932   0.245688
09:40:16     851   0.109046   0.240315
09:41:02     852   0.108914   0.236474
09:41:47     853   0.107333   0.242452
09:42:32     854   0.109688   0.246546
09:43:17     855   0.110020   0.237178
09:44:03     856   0.106992   0.223809
09:44:48     857   0.110800   0.233355
09:45:33     858   0.108500   0.231716
09:46:19     859   0.111023   0.243287
09:47:04     860   0.109060   0.235861
09:47:48     861   0.107735   0.237348
09:48:33     862   0.106799   0.238021
09:49:18     863   0.107650   0.241802
09:50:04     864   0.109687   0.226121
09:50:49     865   0.106010   0.247095
09:51:35     866   0.107836   0.241141
09:52:20     867   0.107592   0.223128
09:53:04     868   0.111972   0.231029
09:53:49     869   0.108109   0.230918
09:54:35     870   0.106435   0.244789
09:55:20     871   0.104379   0.226750
09:56:05     872   0.107532   0.235231
09:56:49     873   0.108084   0.246317
09:57:34     874   0.106661   0.238788
09:58:20     875   0.105572   0.247325
09:59:05     876   0.107121   0.228496
09:59:51     877   0.107416   0.242484
10:00:36     878   0.106895   0.241614
10:01:21     879   0.104459   0.237937
10:02:07     880   0.106761   0.231292
10:02:51     881   0.106133   0.250785
10:03:36     882   0.108478   0.237890
10:04:22     883   0.106297   0.257388
10:05:06     884   0.109022   0.223628
10:05:52     885   0.106988   0.254678
10:06:37     886   0.104499   0.244247
10:07:21     887   0.106689   0.242365
10:08:07     888   0.104340   0.249999
10:08:52     889   0.104999   0.235823
10:09:37     890   0.107481   0.239636
10:10:22     891   0.105651   0.249506
10:11:07     892   0.103910   0.238754
10:11:52     893   0.105619   0.231846
10:12:37     894   0.106756   0.227245
10:13:22     895   0.105684   0.242299
10:14:08     896   0.104853   0.230506
10:14:52     897   0.104355   0.251077
10:15:37     898   0.106817   0.227786
10:16:22     899   0.104408   0.242947
10:17:07     900   0.104748   0.238236
10:17:53     901   0.104179   0.243702
10:18:38     902   0.106790   0.259255
10:19:23     903   0.105598   0.245619
10:20:09     904   0.104921   0.255672
10:20:54     905   0.105976   0.237252
10:21:39     906   0.106325   0.232347
10:22:23     907   0.106692   0.249507
10:23:09     908   0.104119   0.245793
10:23:53     909   0.103815   0.242493
10:24:39     910   0.106252   0.257161
10:25:25     911   0.105296   0.214038
10:26:10     912   0.103448   0.247556
10:26:56     913   0.104232   0.241050
10:27:41     914   0.104091   0.240257
10:28:27     915   0.104161   0.228819
10:29:12     916   0.103414   0.228350
10:29:57     917   0.105382   0.236241
10:30:43     918   0.104892   0.239330
10:31:28     919   0.102528   0.233022
10:32:13     920   0.103176   0.229257
10:32:59     921   0.104169   0.229893
10:33:44     922   0.103511   0.222509
10:34:30     923   0.102546   0.238291
10:35:15     924   0.107446   0.235514
10:36:01     925   0.103665   0.242963
10:36:47     926   0.102994   0.235612
10:37:33     927   0.106511   0.253244
10:38:19     928   0.104689   0.238316
10:39:03     929   0.102324   0.234007
10:39:49     930   0.101051   0.239268
10:40:33     931   0.103583   0.247792
10:41:17     932   0.102739   0.243259
10:42:03     933   0.103985   0.262593
10:42:48     934   0.104179   0.233766
10:43:33     935   0.103327   0.230030
10:44:18     936   0.103242   0.232459
10:45:04     937   0.101373   0.239429
10:45:49     938   0.102644   0.234120
10:46:35     939   0.104400   0.246388
10:47:20     940   0.103143   0.246559
10:48:05     941   0.100843   0.251220
10:48:50     942   0.103693   0.243696
10:49:36     943   0.103226   0.243606
10:50:21     944   0.102019   0.225446
10:51:07     945   0.102009   0.237075
10:51:52     946   0.103928   0.249058
10:52:37     947   0.101189   0.241531
10:53:23     948   0.102840   0.234920
10:54:08     949   0.101891   0.254866
10:54:54     950   0.101915   0.242364
10:55:39     951   0.101990   0.251697
10:56:24     952   0.101001   0.241482
10:57:09     953   0.101450   0.261783
10:57:54     954   0.103728   0.238155
10:58:40     955   0.101476   0.242860
10:59:25     956   0.102693   0.241657
11:00:10     957   0.101559   0.230441
11:00:55     958   0.100429   0.240544
11:01:39     959   0.104892   0.240156
11:02:24     960   0.101262   0.233792
11:03:09     961   0.098650   0.254525
11:03:55     962   0.102465   0.247073
11:04:41     963   0.101979   0.233602
11:05:26     964   0.099924   0.236068
11:06:11     965   0.101378   0.242438
11:06:56     966   0.100197   0.249647
11:07:42     967   0.099891   0.243710
11:08:27     968   0.100437   0.236274
11:09:12     969   0.101366   0.245275
11:09:58     970   0.100899   0.254993
11:10:42     971   0.101994   0.238282
11:11:27     972   0.099333   0.262462
11:12:12     973   0.099153   0.247414
11:12:57     974   0.100647   0.240757
11:13:43     975   0.101587   0.231409
11:14:28     976   0.100025   0.247540
11:15:12     977   0.101336   0.240226
11:15:57     978   0.101300   0.246090
11:16:42     979   0.102039   0.236095
11:17:27     980   0.103190   0.234960
11:18:12     981   0.100333   0.247001
11:18:57     982   0.099672   0.242840
11:19:42     983   0.099188   0.251463
11:20:27     984   0.100308   0.261422
11:21:11     985   0.100095   0.238398
11:21:56     986   0.099616   0.261257
11:22:41     987   0.101368   0.259079
11:23:26     988   0.098638   0.254180
11:24:12     989   0.099008   0.232581
11:24:58     990   0.099550   0.238037
11:25:42     991   0.097535   0.246447
11:26:28     992   0.098189   0.238470
11:27:13     993   0.099846   0.246325
11:27:58     994   0.098864   0.253920
11:28:43     995   0.099030   0.240113
11:29:28     996   0.099458   0.234598
11:30:13     997   0.099665   0.249613
11:30:58     998   0.098000   0.242799
11:31:43     999   0.100177   0.249888
11:32:29    1000   0.098332   0.241811
11:33:15    1001   0.097622   0.246152
11:34:00    1002   0.096751   0.234871
11:34:47    1003   0.098623   0.241612
11:35:32    1004   0.099661   0.252811
11:36:17    1005   0.099147   0.248791
11:37:02    1006   0.096789   0.249064
11:37:47    1007   0.099731   0.245501
11:38:32    1008   0.099121   0.261870
11:39:18    1009   0.099341   0.245894
11:40:04    1010   0.098381   0.247854
11:40:49    1011   0.101150   0.236435
11:41:35    1012   0.098445   0.239659
11:42:21    1013   0.097521   0.254661
11:43:05    1014   0.097674   0.243287
11:43:49    1015   0.096324   0.255977
11:44:34    1016   0.099930   0.253381
11:45:20    1017   0.098652   0.246380
11:46:05    1018   0.098030   0.242445
11:46:52    1019   0.098630   0.245481
11:47:38    1020   0.098019   0.240102
11:48:23    1021   0.096446   0.245683
11:49:09    1022   0.098746   0.238117
11:49:54    1023   0.097614   0.234946
11:50:40    1024   0.097560   0.240153
11:51:26    1025   0.095553   0.247781
11:52:12    1026   0.099224   0.241412
11:52:58    1027   0.095092   0.242098
11:53:43    1028   0.097075   0.241582
11:54:28    1029   0.097936   0.250213
11:55:13    1030   0.096247   0.255087
11:55:59    1031   0.096121   0.243539
11:56:45    1032   0.097948   0.255087
11:57:31    1033   0.097675   0.225511
11:58:17    1034   0.098870   0.256206
11:59:03    1035   0.098017   0.249167
11:59:48    1036   0.098477   0.251870
12:00:34    1037   0.095695   0.235769
12:01:20    1038   0.095492   0.248394
12:02:07    1039   0.094595   0.262204
12:02:52    1040   0.097272   0.259402
12:03:38    1041   0.095148   0.257514
12:04:23    1042   0.097221   0.256545
12:05:08    1043   0.095821   0.259512
12:05:54    1044   0.095954   0.251718
12:06:40    1045   0.093964   0.235728
12:07:26    1046   0.095271   0.240075
12:08:12    1047   0.096185   0.258717
12:08:58    1048   0.094783   0.239220
12:09:44    1049   0.097233   0.241144
12:10:29    1050   0.096574   0.240404
12:11:15    1051   0.096965   0.238434
12:12:01    1052   0.095361   0.254209
12:12:47    1053   0.100477   0.245183
12:13:33    1054   0.096786   0.261553
12:14:20    1055   0.096671   0.244231
12:15:05    1056   0.093901   0.253919
12:15:52    1057   0.094072   0.252352
12:16:38    1058   0.093003   0.244928
12:17:26    1059   0.093556   0.250028
12:18:13    1060   0.093285   0.241647
12:19:01    1061   0.096335   0.251191
12:19:46    1062   0.093548   0.263577
12:20:32    1063   0.093859   0.241744
12:21:18    1064   0.096206   0.234461
12:22:04    1065   0.094899   0.250148
12:22:50    1066   0.093790   0.248729
12:23:36    1067   0.095740   0.239895
12:24:22    1068   0.093628   0.234983
12:25:08    1069   0.094488   0.245281
12:25:53    1070   0.095700   0.248258
12:26:41    1071   0.093925   0.249505
12:27:28    1072   0.093012   0.247572
12:28:13    1073   0.096919   0.257901
12:28:59    1074   0.095509   0.249667
12:29:45    1075   0.094521   0.240384
12:30:31    1076   0.096092   0.237437
12:31:17    1077   0.095775   0.267266
12:32:02    1078   0.094624   0.250176
12:32:48    1079   0.093832   0.250685
12:33:33    1080   0.095466   0.252099
12:34:19    1081   0.090436   0.263149
12:35:05    1082   0.094658   0.237123
12:35:51    1083   0.095224   0.255580
12:36:36    1084   0.092826   0.243394
12:37:22    1085   0.096268   0.250625
12:38:08    1086   0.094739   0.255253
12:38:53    1087   0.093712   0.246351
12:39:40    1088   0.094334   0.246812
12:40:25    1089   0.092535   0.252340
12:41:10    1090   0.095603   0.245654
12:41:56    1091   0.093316   0.282903
12:42:41    1092   0.093467   0.243911
12:43:27    1093   0.092692   0.246785
12:44:14    1094   0.092500   0.255347
12:44:59    1095   0.095723   0.266589
12:45:44    1096   0.092311   0.236503
12:46:30    1097   0.093780   0.250274
12:47:13    1098   0.095246   0.236433
12:47:58    1099   0.092550   0.250480
12:48:45    1100   0.095515   0.274140
12:49:33    1101   0.092728   0.263262
12:50:21    1102   0.093216   0.241933
12:51:07    1103   0.091610   0.255562
12:51:52    1104   0.092603   0.242781
12:52:38    1105   0.091603   0.244049
12:53:26    1106   0.089666   0.254037
12:54:12    1107   0.093112   0.248955
12:54:58    1108   0.091211   0.253379
12:55:44    1109   0.091440   0.264136
12:56:30    1110   0.092307   0.242592
12:57:16    1111   0.092564   0.249528
12:58:01    1112   0.092678   0.259567
12:58:47    1113   0.091851   0.251392
12:59:33    1114   0.092120   0.258690
13:00:19    1115   0.094266   0.261529
13:01:05    1116   0.097469   0.243959
13:01:52    1117   0.092170   0.250739
13:02:37    1118   0.088659   0.260353
13:03:23    1119   0.091444   0.259271
13:04:08    1120   0.091898   0.247401
13:04:54    1121   0.092886   0.228707
13:05:39    1122   0.091250   0.243196
13:06:26    1123   0.092434   0.256227
13:07:12    1124   0.091568   0.260376
13:08:00    1125   0.092723   0.273118
13:08:45    1126   0.091117   0.265746
13:09:31    1127   0.091099   0.238915
13:10:17    1128   0.092379   0.268647
13:11:04    1129   0.090517   0.234327
13:11:49    1130   0.090098   0.239366
13:12:35    1131   0.092511   0.282707
13:13:21    1132   0.090663   0.254009
13:14:06    1133   0.090839   0.259413
13:14:52    1134   0.090936   0.248527
13:15:37    1135   0.091589   0.252481
13:16:23    1136   0.090186   0.271044
13:17:10    1137   0.091323   0.249256
13:17:56    1138   0.091558   0.255997
13:18:42    1139   0.089815   0.250545
13:19:27    1140   0.089977   0.267658
13:20:13    1141   0.092921   0.259564
13:20:59    1142   0.093422   0.249311
13:21:46    1143   0.090128   0.246070
13:22:32    1144   0.089243   0.263070
13:23:18    1145   0.088911   0.258073
13:24:03    1146   0.087883   0.265995
13:24:50    1147   0.089282   0.264363
13:25:39    1148   0.091876   0.270012
13:26:26    1149   0.089185   0.265914
13:27:11    1150   0.090630   0.249709
13:27:58    1151   0.090347   0.248188
13:28:46    1152   0.089319   0.264837
13:29:32    1153   0.090941   0.247776
13:30:18    1154   0.093027   0.239778
13:31:05    1155   0.090152   0.256653
13:31:51    1156   0.091170   0.243434
13:32:39    1157   0.088358   0.249505
13:33:24    1158   0.089528   0.254281
13:34:10    1159   0.088660   0.257412
13:34:56    1160   0.091246   0.256909
13:35:42    1161   0.089570   0.267648
13:36:29    1162   0.090099   0.252430
13:37:15    1163   0.088854   0.255951
13:38:01    1164   0.091207   0.261502
13:38:47    1165   0.089687   0.264941
13:39:33    1166   0.090847   0.268257
13:40:19    1167   0.090285   0.240253
13:41:04    1168   0.089056   0.250911
13:41:50    1169   0.086468   0.236867
13:42:35    1170   0.088675   0.259084
13:43:21    1171   0.087770   0.260351
13:44:07    1172   0.088938   0.255583
13:44:53    1173   0.092732   0.247725
13:45:40    1174   0.089231   0.255065
13:46:28    1175   0.088377   0.252633
13:47:14    1176   0.086815   0.265178
13:48:01    1177   0.086708   0.264291
13:48:46    1178   0.089231   0.269570
13:49:31    1179   0.088163   0.280820
13:50:17    1180   0.087207   0.260970
13:51:03    1181   0.091173   0.252869
13:51:49    1182   0.087491   0.251549
13:52:35    1183   0.089047   0.263248
13:53:20    1184   0.088445   0.255786
13:54:04    1185   0.089359   0.273291
13:54:53    1186   0.088618   0.274298
13:55:39    1187   0.088209   0.269635
13:56:25    1188   0.086443   0.256538
13:57:11    1189   0.090026   0.256557
13:57:56    1190   0.089832   0.259380
13:58:42    1191   0.085823   0.263033
13:59:27    1192   0.087214   0.249003
14:00:13    1193   0.090481   0.259758
14:00:59    1194   0.087892   0.260851
14:01:45    1195   0.087580   0.254550
14:02:31    1196   0.088507   0.266648
14:03:16    1197   0.084005   0.264295
14:04:03    1198   0.088828   0.250464
14:04:50    1199   0.086749   0.279517
14:05:36    1200   0.085457   0.262152
14:06:23    1201   0.085045   0.265860
14:07:09    1202   0.089028   0.249164
14:07:55    1203   0.086390   0.269703
14:08:41    1204   0.088447   0.260845
14:09:27    1205   0.088380   0.252376
14:10:13    1206   0.087350   0.271161
14:10:59    1207   0.086366   0.253470
14:11:44    1208   0.086659   0.261176
14:12:31    1209   0.086770   0.269593
14:13:16    1210   0.088056   0.242890
14:14:00    1211   0.088813   0.250470
14:14:41    1212   0.085873   0.264103
14:15:27    1213   0.086829   0.267911
14:16:15    1214   0.088130   0.257976
14:17:01    1215   0.086717   0.283819
14:17:47    1216   0.086882   0.254679
14:18:34    1217   0.087964   0.273069
14:19:20    1218   0.086084   0.279666
14:20:06    1219   0.085338   0.266857
14:20:52    1220   0.088051   0.258224
14:21:38    1221   0.085284   0.264344
14:22:24    1222   0.086475   0.253896
14:23:10    1223   0.087733   0.257495
14:23:56    1224   0.085923   0.282875
14:24:42    1225   0.086345   0.254603
14:25:28    1226   0.086348   0.251514
14:26:14    1227   0.085375   0.262603
14:26:59    1228   0.086557   0.274634
14:27:45    1229   0.086378   0.261766
14:28:31    1230   0.085793   0.264570
14:29:18    1231   0.084571   0.275707
14:30:04    1232   0.087625   0.274699
14:30:51    1233   0.085261   0.241964
14:31:39    1234   0.084979   0.261853
14:32:25    1235   0.083949   0.261722
14:33:12    1236   0.086046   0.267223
14:33:59    1237   0.085618   0.262267
14:34:45    1238   0.084564   0.303149
14:35:31    1239   0.089167   0.244845
14:36:18    1240   0.083999   0.305198
14:37:04    1241   0.083750   0.279902
14:37:52    1242   0.086944   0.260027
14:38:39    1243   0.086385   0.255017
14:39:25    1244   0.085425   0.273083
14:40:11    1245   0.084835   0.263286
14:40:57    1246   0.085579   0.260476
14:41:44    1247   0.084760   0.267072
14:42:31    1248   0.085444   0.274033
14:43:16    1249   0.086147   0.264631
14:44:03    1250   0.084018   0.262297
14:44:50    1251   0.084826   0.275837
14:45:36    1252   0.083148   0.269925
14:46:22    1253   0.085513   0.250258
14:47:08    1254   0.083162   0.270188
14:47:55    1255   0.085005   0.276870
14:48:41    1256   0.088250   0.268160
14:49:27    1257   0.083855   0.257739
14:50:12    1258   0.085688   0.255861
14:50:58    1259   0.082755   0.259707
14:51:44    1260   0.085212   0.256326
14:52:30    1261   0.085440   0.254818
14:53:17    1262   0.082533   0.262180
14:54:03    1263   0.085750   0.277500
14:54:49    1264   0.086463   0.267587
14:55:37    1265   0.083608   0.262939
14:56:23    1266   0.085401   0.267927
14:57:09    1267   0.083029   0.262914
14:57:55    1268   0.084517   0.266394
14:58:41    1269   0.084136   0.266040
14:59:27    1270   0.083192   0.251587
15:00:13    1271   0.084093   0.280270
15:01:01    1272   0.089170   0.245562
15:01:47    1273   0.083301   0.260524
15:02:33    1274   0.084129   0.270082
15:03:19    1275   0.081181   0.268671
15:04:05    1276   0.084232   0.263004
15:04:51    1277   0.083241   0.285046
15:05:38    1278   0.081894   0.276329
15:06:23    1279   0.085620   0.271701
15:07:09    1280   0.083140   0.258504
15:07:56    1281   0.085523   0.268824
15:08:42    1282   0.083080   0.266070
15:09:28    1283   0.083679   0.268523
15:10:14    1284   0.083011   0.264333
15:11:01    1285   0.083423   0.248605
15:11:47    1286   0.084879   0.261153
15:12:32    1287   0.081898   0.261500
15:13:19    1288   0.082326   0.267581
15:14:06    1289   0.083127   0.267363
15:14:52    1290   0.081517   0.255799
15:15:38    1291   0.083629   0.263923
15:16:25    1292   0.082783   0.266637
15:17:11    1293   0.083229   0.271850
15:17:58    1294   0.083199   0.260897
15:18:43    1295   0.083174   0.244432
15:19:29    1296   0.082772   0.291131
15:20:15    1297   0.083307   0.297152
15:21:01    1298   0.083467   0.257673
15:21:47    1299   0.086546   0.275580
15:22:34    1300   0.082628   0.296523
15:23:21    1301   0.084414   0.275363
15:24:07    1302   0.082156   0.277351
15:24:52    1303   0.082334   0.258595
15:25:38    1304   0.083627   0.274650
15:26:24    1305   0.082493   0.255099
15:27:09    1306   0.083465   0.254232
15:27:55    1307   0.080937   0.256968
15:28:41    1308   0.081400   0.257138
15:29:28    1309   0.085597   0.264622
15:30:15    1310   0.080436   0.262809
15:31:01    1311   0.080359   0.263635
15:31:48    1312   0.081700   0.272253
15:32:34    1313   0.083314   0.260005
15:33:20    1314   0.080095   0.253523
15:34:06    1315   0.081262   0.273198
15:34:52    1316   0.081673   0.273438
15:35:37    1317   0.083819   0.276361
15:36:24    1318   0.081166   0.263839
15:37:11    1319   0.081922   0.251168
15:37:58    1320   0.082744   0.260003
15:38:45    1321   0.082729   0.273374
15:39:31    1322   0.083057   0.283089
15:40:17    1323   0.080004   0.263047
15:41:03    1324   0.082534   0.296477
15:41:49    1325   0.080662   0.267623
15:42:35    1326   0.081041   0.281790
15:43:21    1327   0.082355   0.267437
15:44:07    1328   0.082039   0.269004
15:44:54    1329   0.082399   0.256408
15:45:41    1330   0.080075   0.274765
15:46:28    1331   0.080942   0.264117
15:47:14    1332   0.081053   0.264016
15:48:01    1333   0.080532   0.269233
15:48:48    1334   0.080982   0.284672
15:49:34    1335   0.081307   0.276348
15:50:20    1336   0.081591   0.290172
15:51:07    1337   0.081470   0.271920
15:51:53    1338   0.081345   0.250694
15:52:39    1339   0.080734   0.287071
15:53:28    1340   0.080849   0.274952
15:54:16    1341   0.079973   0.271834
15:55:02    1342   0.080293   0.293471
15:55:49    1343   0.079484   0.291766
15:56:34    1344   0.079923   0.283582
15:57:20    1345   0.081273   0.257488
15:58:06    1346   0.081987   0.266057
15:58:52    1347   0.081973   0.261348
15:59:38    1348   0.081327   0.259565
16:00:21    1349   0.080848   0.261621
16:01:07    1350   0.078536   0.265652
16:01:53    1351   0.080489   0.268744
16:02:39    1352   0.080478   0.280179
16:03:26    1353   0.081175   0.287780
16:04:12    1354   0.078024   0.250113
